
> ward-tools@0.0.2 build
> node --max-old-space-size=6144 ./node_modules/@angular/cli/bin/ng build --configuration production

Node.js version v25.8.2 detected.
Odd numbered Node.js versions will not enter LTS status and should not be used for production. For more information, please see https://nodejs.org/en/about/previous-releases/.
[33mÔØ»[39m Building...
[32mÔ£ö[39m Building...
[1mInitial chunk files[22m[2m | [22m[1mNames[22m                          [2m | [22m [1mRaw size[22m[2m | [22m[1mEstimated transfer size[22m
[32mchunk-GLTYMNI2.js[39m  [2m | [22m[2m-[22m                              [2m | [22m[36m231.20 kB[39m[2m | [22m               [36m53.09 kB[39m
[32mstyles-XEYK4SUP.css[39m[2m | [22m[2mstyles[22m                         [2m | [22m[36m221.92 kB[39m[2m | [22m               [36m18.96 kB[39m
[32mchunk-VEFVWP27.js[39m  [2m | [22m[2m-[22m                              [2m | [22m[36m171.75 kB[39m[2m | [22m               [36m50.83 kB[39m
[32mchunk-OAP4GQ7V.js[39m  [2m | [22m[2m-[22m                              [2m | [22m[36m133.65 kB[39m[2m | [22m               [36m33.84 kB[39m
[32mchunk-P4WDPP2C.js[39m  [2m | [22m[2m-[22m                              [2m | [22m [36m61.20 kB[39m[2m | [22m               [36m14.78 kB[39m
[32mmain-YUN4WNSV.js[39m   [2m | [22m[2mmain[22m                           [2m | [22m [36m11.34 kB[39m[2m | [22m                [36m3.71 kB[39m
[32mchunk-2RU7ZNQN.js[39m  [2m | [22m[2m-[22m                              [2m | [22m  [36m9.54 kB[39m[2m | [22m                [36m2.59 kB[39m
[32mchunk-EDNESLRU.js[39m  [2m | [22m[2m-[22m                              [2m | [22m  [36m8.04 kB[39m[2m | [22m                [36m2.73 kB[39m
[32mchunk-F3EQC7ZQ.js[39m  [2m | [22m[2m-[22m                              [2m | [22m  [36m1.81 kB[39m[2m | [22m              [36m792 bytes[39m
[32mchunk-6LUY5DPZ.js[39m  [2m | [22m[2m-[22m                              [2m | [22m  [36m1.67 kB[39m[2m | [22m              [36m745 bytes[39m
[32mchunk-IPW4DK7F.js[39m  [2m | [22m[2m-[22m                              [2m | [22m  [36m1.53 kB[39m[2m | [22m              [36m539 bytes[39m
[32mchunk-RWNS6INI.js[39m  [2m | [22m[2m-[22m                              [2m | [22m  [36m1.23 kB[39m[2m | [22m              [36m476 bytes[39m
[32mchunk-DAQOROHW.js[39m  [2m | [22m[2m-[22m                              [2m | [22m  [36m1.13 kB[39m[2m | [22m              [36m491 bytes[39m
[32mchunk-4XXSL2HI.js[39m  [2m | [22m[2m-[22m                              [2m | [22m  [36m1.10 kB[39m[2m | [22m              [36m574 bytes[39m
[32mchunk-3SACIMGG.js[39m  [2m | [22m[2m-[22m                              [2m | [22m[36m792 bytes[39m[2m | [22m              [36m792 bytes[39m
[32mchunk-WIFSDUVS.js[39m  [2m | [22m[2m-[22m                              [2m | [22m[36m644 bytes[39m[2m | [22m              [36m644 bytes[39m
[32mchunk-M6YCUMF3.js[39m  [2m | [22m[2m-[22m                              [2m | [22m[36m351 bytes[39m[2m | [22m              [36m351 bytes[39m
[32mchunk-CCVZGON2.js[39m  [2m | [22m[2m-[22m                              [2m | [22m[36m342 bytes[39m[2m | [22m              [36m342 bytes[39m
[32mchunk-7OODC45C.js[39m  [2m | [22m[2m-[22m                              [2m | [22m[36m339 bytes[39m[2m | [22m              [36m339 bytes[39m
[32mchunk-7FOEUAVS.js[39m  [2m | [22m[2m-[22m                              [2m | [22m[36m319 bytes[39m[2m | [22m              [36m319 bytes[39m
[32mchunk-46UX6VPZ.js[39m  [2m | [22m[2m-[22m                              [2m | [22m[36m316 bytes[39m[2m | [22m              [36m316 bytes[39m
[32mchunk-LFSVSQWQ.js[39m  [2m | [22m[2m-[22m                              [2m | [22m[36m309 bytes[39m[2m | [22m              [36m309 bytes[39m
[32mchunk-6JEGRBZG.js[39m  [2m | [22m[2m-[22m                              [2m | [22m [36m60 bytes[39m[2m | [22m               [36m60 bytes[39m

[1m [22m                  [2m | [22m[1mInitial total[22m                  [2m | [22m[1m860.61 kB[22m[2m | [22m              [1m187.61 kB[22m

[1mLazy chunk files[22m   [2m | [22m[1mNames[22m                          [2m | [22m [1mRaw size[22m[2m | [22m[1mEstimated transfer size[22m
[32mchunk-QRMX3L55.js[39m  [2m | [22m[2mmembers-import-page[22m            [2m | [22m[36m444.01 kB[39m[2m | [22m              [36m167.62 kB[39m
[32mchunk-56HH6WLF.js[39m  [2m | [22m[2m-[22m                              [2m | [22m[36m225.93 kB[39m[2m | [22m               [36m56.45 kB[39m
[32mchunk-4A6XA6XZ.js[39m  [2m | [22m[2m-[22m                              [2m | [22m [36m95.54 kB[39m[2m | [22m               [36m23.55 kB[39m
[32mchunk-SIE7YCUC.js[39m  [2m | [22m[2m-[22m                              [2m | [22m [36m45.67 kB[39m[2m | [22m               [36m11.26 kB[39m
[32mchunk-TKIZESIY.js[39m  [2m | [22m[2mprivate-shell[22m                  [2m | [22m [36m29.23 kB[39m[2m | [22m                [36m6.71 kB[39m
[32mchunk-7IATIFOH.js[39m  [2m | [22m[2m-[22m                              [2m | [22m [36m22.16 kB[39m[2m | [22m                [36m5.51 kB[39m
[32mchunk-T7Z45LBE.js[39m  [2m | [22m[2m-[22m                              [2m | [22m [36m19.96 kB[39m[2m | [22m                [36m5.38 kB[39m
[32mchunk-S5STRCIV.js[39m  [2m | [22m[2magenda-page[22m                    [2m | [22m [36m19.13 kB[39m[2m | [22m                [36m5.13 kB[39m
[32mchunk-Y2Q623QF.js[39m  [2m | [22m[2m-[22m                              [2m | [22m [36m16.17 kB[39m[2m | [22m                [36m4.09 kB[39m
[32mchunk-6H4COEUY.js[39m  [2m | [22m[2msacrament-meeting-planning-page[22m[2m | [22m [36m14.64 kB[39m[2m | [22m                [36m4.54 kB[39m
[32mchunk-4PCPDRR6.js[39m  [2m | [22m[2m-[22m                              [2m | [22m [36m13.83 kB[39m[2m | [22m                [36m3.55 kB[39m
[32mchunk-XTH3HT6Y.js[39m  [2m | [22m[2magenda-item-page[22m               [2m | [22m [36m13.12 kB[39m[2m | [22m                [36m4.21 kB[39m
[32mchunk-J4UQNN4V.js[39m  [2m | [22m[2morganizations-page[22m             [2m | [22m [36m12.93 kB[39m[2m | [22m                [36m3.92 kB[39m
[32mchunk-N7HLUKUI.js[39m  [2m | [22m[2m-[22m                              [2m | [22m [36m12.57 kB[39m[2m | [22m                [36m3.71 kB[39m
[32mchunk-2PV3DOLL.js[39m  [2m | [22m[2m-[22m                              [2m | [22m [36m10.12 kB[39m[2m | [22m                [36m3.06 kB[39m
[2m...and 78 more lazy chunks files. Use "--verbose" to show all the files.[22m

Application bundle generation complete. [416.911 seconds] - 2026-04-17T17:47:41.208Z

Ôû▓ [WARNING] Module 'pako' used by 'node_modules/pdf-lib/es/core/PDFContext.js' is not ESM

  CommonJS or AMD dependencies can cause optimization bailouts.
  For more information see: https://angular.dev/tools/cli/build#configuring-commonjs-dependencies


Ôû▓ [WARNING] Module 'quill-delta' used by 'node_modules/quill/core.js' is not ESM

  CommonJS or AMD dependencies can cause optimization bailouts.
  For more information see: https://angular.dev/tools/cli/build#configuring-commonjs-dependencies


Output location: C:\DEV\ward-tools\dist\ward-tools

